<?xml version="1.0" encoding="UTF-8"?>
<!-- Generated by org.testng.reporters.JUnitXMLReporter -->
<testsuite hostname="Nadias-MacBook-Pro.local" ignored="0" name="loginTest" tests="3" failures="0" timestamp="2021-09-21T03:52:17 EET" time="14.457" errors="0">
  <testcase name="moveToSignInPage" time="1.077" classname="tests.loginTest"/>
  <testcase name="moveToRegisterationPage" time="0.051" classname="tests.loginTest"/>
  <testcase name="fillRegisterationForm" time="3.097" classname="tests.loginTest"/>
</testsuite> <!-- loginTest -->
