<?xml version="1.0" encoding="UTF-8"?>
<!-- Generated by org.testng.reporters.JUnitXMLReporter -->
<testsuite hostname="Nadias-MacBook-Pro.local" ignored="0" name="registerationTest" tests="11" failures="0" timestamp="2021-09-21T04:06:31 EET" time="30.25" errors="0">
  <testcase name="moveToSignInPage" time="1.151" classname="tests.registerationTest"/>
  <testcase name="moveToRegisterationPage" time="2.707" classname="tests.registerationTest"/>
  <testcase name="fillRegisterationForm" time="0.935" classname="tests.registerationTest"/>
  <testcase name="submitData" time="0.068" classname="tests.registerationTest"/>
  <testcase name="moveToSignInPage" time="1.495" classname="tests.loginTest"/>
  <testcase name="moveToRegisterationPage" time="0.049" classname="tests.loginTest"/>
  <testcase name="fillRegisterationForm" time="0.311" classname="tests.loginTest"/>
  <testcase name="test_Categories_With_TV_In_Name" time="1.184" classname="restAssured.tests.Categories_With_TV_In_Name"/>
  <testcase name="test_Create_Product" time="0.195" classname="restAssured.tests.Create_Product"/>
  <testcase name="test_highest_Priced_Products" time="0.204" classname="restAssured.tests.highest_Priced_Products"/>
  <testcase name="test_stores_Sell_Apple_products" time="0.237" classname="restAssured.tests.stores_Sell_Apple_products"/>
</testsuite> <!-- registerationTest -->
