<?xml version="1.0" encoding="UTF-8"?>
<testng-results skipped="0" failed="0" ignored="0" total="11" passed="11">
  <reporter-output>
  </reporter-output>
  <suite name="Test Suite" duration-ms="30250" started-at="2021-09-21T04:06:01 EET" finished-at="2021-09-21T04:06:31 EET">
    <groups>
    </groups>
    <test name="registerationTest" duration-ms="30250" started-at="2021-09-21T04:06:01 EET" finished-at="2021-09-21T04:06:31 EET">
      <class name="tests.registerationTest">
        <test-method status="PASS" signature="webDriver()[pri:0, instance:tests.registerationTest@1500955a]" name="webDriver" is-config="true" duration-ms="11345" started-at="2021-09-21T04:06:01 EET" finished-at="2021-09-21T04:06:12 EET">
          <reporter-output>
          </reporter-output>
        </test-method> <!-- webDriver -->
        <test-method status="PASS" signature="moveToSignInPage()[pri:1, instance:tests.registerationTest@1500955a]" name="moveToSignInPage" duration-ms="1151" started-at="2021-09-21T04:06:12 EET" finished-at="2021-09-21T04:06:13 EET">
          <reporter-output>
          </reporter-output>
        </test-method> <!-- moveToSignInPage -->
        <test-method status="PASS" signature="moveToRegisterationPage()[pri:2, instance:tests.registerationTest@1500955a]" name="moveToRegisterationPage" duration-ms="2707" started-at="2021-09-21T04:06:13 EET" finished-at="2021-09-21T04:06:16 EET">
          <reporter-output>
          </reporter-output>
        </test-method> <!-- moveToRegisterationPage -->
        <test-method status="PASS" signature="fillRegisterationForm()[pri:3, instance:tests.registerationTest@1500955a]" name="fillRegisterationForm" duration-ms="935" started-at="2021-09-21T04:06:16 EET" finished-at="2021-09-21T04:06:17 EET">
          <reporter-output>
          </reporter-output>
        </test-method> <!-- fillRegisterationForm -->
        <test-method status="PASS" signature="submitData()[pri:4, instance:tests.registerationTest@1500955a]" name="submitData" duration-ms="68" started-at="2021-09-21T04:06:17 EET" finished-at="2021-09-21T04:06:17 EET">
          <reporter-output>
          </reporter-output>
        </test-method> <!-- submitData -->
        <test-method status="PASS" signature="stopDriver()[pri:0, instance:tests.registerationTest@1500955a]" name="stopDriver" is-config="true" duration-ms="159" started-at="2021-09-21T04:06:17 EET" finished-at="2021-09-21T04:06:17 EET">
          <reporter-output>
          </reporter-output>
        </test-method> <!-- stopDriver -->
      </class> <!-- tests.registerationTest -->
      <class name="tests.loginTest">
        <test-method status="PASS" signature="webDriver()[pri:0, instance:tests.loginTest@e874448]" name="webDriver" is-config="true" duration-ms="10062" started-at="2021-09-21T04:06:17 EET" finished-at="2021-09-21T04:06:27 EET">
          <reporter-output>
          </reporter-output>
        </test-method> <!-- webDriver -->
        <test-method status="PASS" signature="moveToSignInPage()[pri:1, instance:tests.loginTest@e874448]" name="moveToSignInPage" duration-ms="1495" started-at="2021-09-21T04:06:27 EET" finished-at="2021-09-21T04:06:29 EET">
          <reporter-output>
          </reporter-output>
        </test-method> <!-- moveToSignInPage -->
        <test-method status="PASS" signature="moveToRegisterationPage()[pri:2, instance:tests.loginTest@e874448]" name="moveToRegisterationPage" duration-ms="49" started-at="2021-09-21T04:06:29 EET" finished-at="2021-09-21T04:06:29 EET">
          <reporter-output>
          </reporter-output>
        </test-method> <!-- moveToRegisterationPage -->
        <test-method status="PASS" signature="fillRegisterationForm()[pri:3, instance:tests.loginTest@e874448]" name="fillRegisterationForm" duration-ms="311" started-at="2021-09-21T04:06:29 EET" finished-at="2021-09-21T04:06:29 EET">
          <reporter-output>
          </reporter-output>
        </test-method> <!-- fillRegisterationForm -->
        <test-method status="PASS" signature="stopDriver()[pri:0, instance:tests.loginTest@e874448]" name="stopDriver" is-config="true" duration-ms="109" started-at="2021-09-21T04:06:29 EET" finished-at="2021-09-21T04:06:29 EET">
          <reporter-output>
          </reporter-output>
        </test-method> <!-- stopDriver -->
      </class> <!-- tests.loginTest -->
      <class name="restAssured.tests.stores_Sell_Apple_products">
        <test-method status="PASS" signature="test_stores_Sell_Apple_products()[pri:0, instance:restAssured.tests.stores_Sell_Apple_products@45820e51]" name="test_stores_Sell_Apple_products" duration-ms="237" started-at="2021-09-21T04:06:31 EET" finished-at="2021-09-21T04:06:31 EET">
          <reporter-output>
          </reporter-output>
        </test-method> <!-- test_stores_Sell_Apple_products -->
      </class> <!-- restAssured.tests.stores_Sell_Apple_products -->
      <class name="restAssured.tests.Create_Product">
        <test-method status="PASS" signature="test_Create_Product()[pri:0, instance:restAssured.tests.Create_Product@60285225]" name="test_Create_Product" duration-ms="195" started-at="2021-09-21T04:06:30 EET" finished-at="2021-09-21T04:06:31 EET">
          <reporter-output>
          </reporter-output>
        </test-method> <!-- test_Create_Product -->
      </class> <!-- restAssured.tests.Create_Product -->
      <class name="restAssured.tests.highest_Priced_Products">
        <test-method status="PASS" signature="test_highest_Priced_Products()[pri:0, instance:restAssured.tests.highest_Priced_Products@7113b13f]" name="test_highest_Priced_Products" duration-ms="204" started-at="2021-09-21T04:06:31 EET" finished-at="2021-09-21T04:06:31 EET">
          <reporter-output>
          </reporter-output>
        </test-method> <!-- test_highest_Priced_Products -->
      </class> <!-- restAssured.tests.highest_Priced_Products -->
      <class name="restAssured.tests.Categories_With_TV_In_Name">
        <test-method status="PASS" signature="test_Categories_With_TV_In_Name()[pri:0, instance:restAssured.tests.Categories_With_TV_In_Name@29b5cd00]" name="test_Categories_With_TV_In_Name" duration-ms="1184" started-at="2021-09-21T04:06:29 EET" finished-at="2021-09-21T04:06:30 EET">
          <reporter-output>
          </reporter-output>
        </test-method> <!-- test_Categories_With_TV_In_Name -->
      </class> <!-- restAssured.tests.Categories_With_TV_In_Name -->
    </test> <!-- registerationTest -->
  </suite> <!-- Test Suite -->
</testng-results>
